c:\users\dmitry\documents\github\shake\taskshake\task_snake\debug\task_snake.pch
c:\users\dmitry\documents\github\shake\taskshake\task_snake\debug\vc141.pdb
c:\users\dmitry\documents\github\shake\taskshake\task_snake\debug\vc141.idb
c:\users\dmitry\documents\github\shake\taskshake\task_snake\debug\stdafx.obj
c:\users\dmitry\documents\github\shake\taskshake\task_snake\debug\map_matrix.obj
c:\users\dmitry\documents\github\shake\taskshake\task_snake\debug\task_snake.obj
c:\users\dmitry\documents\github\shake\taskshake\task_snake\debug\saver_bin.obj
c:\users\dmitry\documents\github\shake\taskshake\task_snake\debug\menu_console.obj
c:\users\dmitry\documents\github\shake\taskshake\task_snake\debug\input_keyboard.obj
c:\users\dmitry\documents\github\shake\taskshake\task_snake\debug\snake.obj
c:\users\dmitry\documents\github\shake\taskshake\task_snake\debug\point.obj
c:\users\dmitry\documents\github\shake\taskshake\task_snake\debug\fruit.obj
c:\users\dmitry\documents\github\shake\taskshake\task_snake\debug\engine.obj
c:\users\dmitry\documents\github\shake\taskshake\task_snake\debug\draw_console_windows.obj
c:\users\dmitry\documents\github\shake\taskshake\debug\task_snake.exe
c:\users\dmitry\documents\github\shake\taskshake\debug\task_snake.ilk
c:\users\dmitry\documents\github\shake\taskshake\debug\task_snake.pdb
c:\users\dmitry\documents\github\shake\taskshake\task_snake\debug\task_snake.tlog\cl.command.1.tlog
c:\users\dmitry\documents\github\shake\taskshake\task_snake\debug\task_snake.tlog\cl.read.1.tlog
c:\users\dmitry\documents\github\shake\taskshake\task_snake\debug\task_snake.tlog\cl.write.1.tlog
c:\users\dmitry\documents\github\shake\taskshake\task_snake\debug\task_snake.tlog\link.command.1.tlog
c:\users\dmitry\documents\github\shake\taskshake\task_snake\debug\task_snake.tlog\link.read.1.tlog
c:\users\dmitry\documents\github\shake\taskshake\task_snake\debug\task_snake.tlog\link.write.1.tlog
